
> server@1.0.0 dev
> nodemon server.js

[33m[nodemon] 3.1.14[39m
[33m[nodemon] to restart at any time, enter `rs`[39m
[33m[nodemon] watching path(s): *.*[39m
[33m[nodemon] watching extensions: js,mjs,cjs,json[39m
[32m[nodemon] starting `node server.js`[39m
node:internal/modules/cjs/loader:1456
  const err = new Error(message);
              ^

Error: Cannot find module '/vercel/share/v0-project/src/node_modules/.pnpm/bcrypt@5.1.1/node_modules/bcrypt/lib/binding/napi-v3/bcrypt_lib.node'
Require stack:
- /vercel/share/v0-project/src/node_modules/.pnpm/bcrypt@5.1.1/node_modules/bcrypt/bcrypt.js
    at Module._resolveFilename (node:internal/modules/cjs/loader:1456:15)
    at defaultResolveImpl (node:internal/modules/cjs/loader:1066:19)
    at resolveForCJSWithHooks (node:internal/modules/cjs/loader:1071:22)
    at Module._load (node:internal/modules/cjs/loader:1242:25)
    at wrapModuleLoad (node:internal/modules/cjs/loader:255:19)
    at Module.require (node:internal/modules/cjs/loader:1556:12)
    at require (node:internal/modules/helpers:152:16)
    at Object.<anonymous> (/vercel/share/v0-project/src/node_modules/.pnpm/bcrypt@5.1.1/node_modules/bcrypt/bcrypt.js:6:16)
    at Module._compile (node:internal/modules/cjs/loader:1812:14)
    at Object..js (node:internal/modules/cjs/loader:1943:10) {
  code: 'MODULE_NOT_FOUND',
  requireStack: [
    '/vercel/share/v0-project/src/node_modules/.pnpm/bcrypt@5.1.1/node_modules/bcrypt/bcrypt.js'
  ]
}

Node.js v24.14.1
[31m[nodemon] app crashed - waiting for file changes before starting...[39m
